{"D:\\squants\\src\\app\\layout.tsx": {"path":"D:\\squants\\src\\app\\layout.tsx","statementMap":{"0":{"start":{"line":72,"column":24},"end":{"line":72,"column":35}},"1":{"start":{"line":16,"column":13},"end":{"line":16,"column":21}},"2":{"start":{"line":5,"column":13},"end":{"line":5,"column":21}},"3":{"start":{"line":2,"column":7},"end":{"line":2,"column":null}},"4":{"start":{"line":3,"column":27},"end":{"line":3,"column":null}},"5":{"start":{"line":5,"column":34},"end":{"line":14,"column":null}},"6":{"start":{"line":16,"column":34},"end":{"line":70,"column":null}}},"fnMap":{"0":{"name":"RootLayout","decl":{"start":{"line":72,"column":24},"end":{"line":72,"column":35}},"loc":{"start":{"line":76,"column":1},"end":{"line":105,"column":1}}}},"branchMap":{},"s":{"0":0,"1":0,"2":0,"3":0,"4":0,"5":0,"6":0},"f":{"0":0},"b":{}}
,"D:\\squants\\src\\app\\manifest.ts": {"path":"D:\\squants\\src\\app\\manifest.ts","statementMap":{"0":{"start":{"line":3,"column":24},"end":{"line":3,"column":null}},"1":{"start":{"line":4,"column":2},"end":{"line":100,"column":null}}},"fnMap":{"0":{"name":"manifest","decl":{"start":{"line":3,"column":24},"end":{"line":3,"column":null}},"loc":{"start":{"line":3,"column":24},"end":{"line":101,"column":null}}}},"branchMap":{},"s":{"0":0,"1":0},"f":{"0":0},"b":{}}
,"D:\\squants\\src\\app\\page.tsx": {"path":"D:\\squants\\src\\app\\page.tsx","statementMap":{"0":{"start":{"line":3,"column":24},"end":{"line":3,"column":null}},"1":{"start":{"line":1,"column":17},"end":{"line":1,"column":null}}},"fnMap":{"0":{"name":"HomePage","decl":{"start":{"line":3,"column":24},"end":{"line":3,"column":null}},"loc":{"start":{"line":3,"column":24},"end":{"line":87,"column":null}}}},"branchMap":{},"s":{"0":5,"1":1},"f":{"0":5},"b":{}}
,"D:\\squants\\src\\app\\robots.ts": {"path":"D:\\squants\\src\\app\\robots.ts","statementMap":{"0":{"start":{"line":3,"column":24},"end":{"line":3,"column":null}},"1":{"start":{"line":4,"column":2},"end":{"line":11,"column":null}}},"fnMap":{"0":{"name":"robots","decl":{"start":{"line":3,"column":24},"end":{"line":3,"column":null}},"loc":{"start":{"line":3,"column":24},"end":{"line":12,"column":null}}}},"branchMap":{},"s":{"0":0,"1":0},"f":{"0":0},"b":{}}
,"D:\\squants\\src\\app\\about\\page.tsx": {"path":"D:\\squants\\src\\app\\about\\page.tsx","statementMap":{"0":{"start":{"line":1,"column":24},"end":{"line":1,"column":null}}},"fnMap":{"0":{"name":"AboutPage","decl":{"start":{"line":1,"column":24},"end":{"line":1,"column":null}},"loc":{"start":{"line":1,"column":24},"end":{"line":27,"column":null}}}},"branchMap":{},"s":{"0":0},"f":{"0":0},"b":{}}
,"D:\\squants\\src\\app\\api\\arxiv\\lookup\\route.ts": {"path":"D:\\squants\\src\\app\\api\\arxiv\\lookup\\route.ts","statementMap":{"0":{"start":{"line":4,"column":22},"end":{"line":4,"column":27}},"1":{"start":{"line":1,"column":29},"end":{"line":1,"column":null}},"2":{"start":{"line":2,"column":51},"end":{"line":2,"column":null}},"3":{"start":{"line":5,"column":2},"end":{"line":41,"column":null}},"4":{"start":{"line":6,"column":17},"end":{"line":6,"column":null}},"5":{"start":{"line":7,"column":18},"end":{"line":7,"column":null}},"6":{"start":{"line":9,"column":4},"end":{"line":11,"column":null}},"7":{"start":{"line":10,"column":6},"end":{"line":10,"column":null}},"8":{"start":{"line":13,"column":15},"end":{"line":13,"column":null}},"9":{"start":{"line":14,"column":4},"end":{"line":19,"column":null}},"10":{"start":{"line":15,"column":6},"end":{"line":17,"column":null}},"11":{"start":{"line":21,"column":17},"end":{"line":21,"column":null}},"12":{"start":{"line":22,"column":4},"end":{"line":27,"column":null}},"13":{"start":{"line":23,"column":6},"end":{"line":25,"column":null}},"14":{"start":{"line":29,"column":4},"end":{"line":34,"column":null}},"15":{"start":{"line":36,"column":4},"end":{"line":36,"column":null}},"16":{"start":{"line":37,"column":4},"end":{"line":39,"column":null}}},"fnMap":{"0":{"name":"POST","decl":{"start":{"line":4,"column":22},"end":{"line":4,"column":27}},"loc":{"start":{"line":4,"column":43},"end":{"line":42,"column":null}}}},"branchMap":{"0":{"loc":{"start":{"line":7,"column":18},"end":{"line":7,"column":null}},"type":"cond-expr","locations":[{"start":{"line":7,"column":51},"end":{"line":7,"column":71}},{"start":{"line":7,"column":71},"end":{"line":7,"column":null}}]},"1":{"loc":{"start":{"line":9,"column":4},"end":{"line":11,"column":null}},"type":"if","locations":[{"start":{"line":9,"column":4},"end":{"line":11,"column":null}}]},"2":{"loc":{"start":{"line":14,"column":4},"end":{"line":19,"column":null}},"type":"if","locations":[{"start":{"line":14,"column":4},"end":{"line":19,"column":null}}]},"3":{"loc":{"start":{"line":22,"column":4},"end":{"line":27,"column":null}},"type":"if","locations":[{"start":{"line":22,"column":4},"end":{"line":27,"column":null}}]}},"s":{"0":0,"1":0,"2":0,"3":0,"4":0,"5":0,"6":0,"7":0,"8":0,"9":0,"10":0,"11":0,"12":0,"13":0,"14":0,"15":0,"16":0},"f":{"0":0},"b":{"0":[0,0],"1":[0],"2":[0],"3":[0]}}
,"D:\\squants\\src\\app\\api\\health\\route.ts": {"path":"D:\\squants\\src\\app\\api\\health\\route.ts","statementMap":{"0":{"start":{"line":3,"column":16},"end":{"line":3,"column":null}},"1":{"start":{"line":1,"column":29},"end":{"line":1,"column":null}},"2":{"start":{"line":4,"column":2},"end":{"line":4,"column":null}}},"fnMap":{"0":{"name":"GET","decl":{"start":{"line":3,"column":16},"end":{"line":3,"column":null}},"loc":{"start":{"line":3,"column":16},"end":{"line":5,"column":null}}}},"branchMap":{},"s":{"0":0,"1":0,"2":0},"f":{"0":0},"b":{}}
,"D:\\squants\\src\\app\\api\\papers\\route.ts": {"path":"D:\\squants\\src\\app\\api\\papers\\route.ts","statementMap":{"0":{"start":{"line":13,"column":22},"end":{"line":13,"column":25}},"1":{"start":{"line":3,"column":22},"end":{"line":3,"column":26}},"2":{"start":{"line":1,"column":29},"end":{"line":1,"column":null}},"3":{"start":{"line":4,"column":2},"end":{"line":9,"column":null}},"4":{"start":{"line":14,"column":2},"end":{"line":20,"column":null}}},"fnMap":{"0":{"name":"POST","decl":{"start":{"line":3,"column":22},"end":{"line":3,"column":26}},"loc":{"start":{"line":3,"column":43},"end":{"line":11,"column":null}}},"1":{"name":"GET","decl":{"start":{"line":13,"column":22},"end":{"line":13,"column":25}},"loc":{"start":{"line":13,"column":22},"end":{"line":22,"column":null}}}},"branchMap":{},"s":{"0":0,"1":0,"2":0,"3":0,"4":0},"f":{"0":0,"1":0},"b":{}}
,"D:\\squants\\src\\app\\api\\papers\\[id]\\comments\\route.ts": {"path":"D:\\squants\\src\\app\\api\\papers\\[id]\\comments\\route.ts","statementMap":{"0":{"start":{"line":7,"column":22},"end":{"line":7,"column":27}},"1":{"start":{"line":1,"column":29},"end":{"line":1,"column":null}},"2":{"start":{"line":8,"column":2},"end":{"line":13,"column":null}}},"fnMap":{"0":{"name":"POST","decl":{"start":{"line":7,"column":22},"end":{"line":7,"column":27}},"loc":{"start":{"line":7,"column":66},"end":{"line":15,"column":null}}}},"branchMap":{},"s":{"0":0,"1":0,"2":0},"f":{"0":0},"b":{}}
,"D:\\squants\\src\\app\\blog\\page.tsx": {"path":"D:\\squants\\src\\app\\blog\\page.tsx","statementMap":{"0":{"start":{"line":1,"column":24},"end":{"line":1,"column":null}}},"fnMap":{"0":{"name":"BlogPage","decl":{"start":{"line":1,"column":24},"end":{"line":1,"column":null}},"loc":{"start":{"line":1,"column":24},"end":{"line":20,"column":null}}}},"branchMap":{},"s":{"0":0},"f":{"0":0},"b":{}}
,"D:\\squants\\src\\app\\community\\page.tsx": {"path":"D:\\squants\\src\\app\\community\\page.tsx","statementMap":{"0":{"start":{"line":1,"column":24},"end":{"line":1,"column":null}}},"fnMap":{"0":{"name":"CommunityPage","decl":{"start":{"line":1,"column":24},"end":{"line":1,"column":null}},"loc":{"start":{"line":1,"column":24},"end":{"line":20,"column":null}}}},"branchMap":{},"s":{"0":0},"f":{"0":0},"b":{}}
,"D:\\squants\\src\\app\\learn\\page.tsx": {"path":"D:\\squants\\src\\app\\learn\\page.tsx","statementMap":{"0":{"start":{"line":1,"column":24},"end":{"line":1,"column":null}}},"fnMap":{"0":{"name":"LearnPage","decl":{"start":{"line":1,"column":24},"end":{"line":1,"column":null}},"loc":{"start":{"line":1,"column":24},"end":{"line":28,"column":null}}}},"branchMap":{},"s":{"0":0},"f":{"0":0},"b":{}}
,"D:\\squants\\src\\app\\papers\\page.tsx": {"path":"D:\\squants\\src\\app\\papers\\page.tsx","statementMap":{"0":{"start":{"line":5,"column":30},"end":{"line":5,"column":null}},"1":{"start":{"line":3,"column":13},"end":{"line":3,"column":20}},"2":{"start":{"line":1,"column":17},"end":{"line":1,"column":null}},"3":{"start":{"line":3,"column":23},"end":{"line":3,"column":null}},"4":{"start":{"line":7,"column":17},"end":{"line":18,"column":null}},"5":{"start":{"line":50,"column":14},"end":{"line":51,"column":null}}},"fnMap":{"0":{"name":"PapersPage","decl":{"start":{"line":5,"column":30},"end":{"line":5,"column":null}},"loc":{"start":{"line":5,"column":30},"end":{"line":85,"column":1}}},"1":{"name":"(anonymous_5)","decl":{"start":{"line":49,"column":24},"end":{"line":49,"column":25}},"loc":{"start":{"line":50,"column":14},"end":{"line":51,"column":null}}}},"branchMap":{"0":{"loc":{"start":{"line":40,"column":10},"end":{"line":48,"column":11}},"type":"cond-expr","locations":[{"start":{"line":40,"column":10},"end":{"line":48,"column":11}}]},"1":{"loc":{"start":{"line":61,"column":21},"end":{"line":61,"column":null}},"type":"cond-expr","locations":[{"start":{"line":61,"column":55},"end":{"line":61,"column":60}},{"start":{"line":61,"column":60},"end":{"line":61,"column":null}}]},"2":{"loc":{"start":{"line":68,"column":19},"end":{"line":68,"column":32}},"type":"binary-expr","locations":[{"start":{"line":68,"column":19},"end":{"line":68,"column":32}}]},"3":{"loc":{"start":{"line":75,"column":21},"end":{"line":75,"column":null}},"type":"cond-expr","locations":[{"start":{"line":75,"column":51},"end":{"line":75,"column":56}},{"start":{"line":75,"column":56},"end":{"line":75,"column":null}}]}},"s":{"0":0,"1":0,"2":0,"3":0,"4":0,"5":0},"f":{"0":0,"1":0},"b":{"0":[0],"1":[0,0],"2":[0],"3":[0,0]}}
,"D:\\squants\\src\\app\\papers\\[id]\\page.tsx": {"path":"D:\\squants\\src\\app\\papers\\[id]\\page.tsx","statementMap":{"0":{"start":{"line":42,"column":30},"end":{"line":42,"column":40}},"1":{"start":{"line":1,"column":25},"end":{"line":1,"column":null}},"2":{"start":{"line":2,"column":17},"end":{"line":2,"column":null}},"3":{"start":{"line":3,"column":30},"end":{"line":3,"column":null}},"4":{"start":{"line":43,"column":13},"end":{"line":43,"column":null}},"5":{"start":{"line":44,"column":2},"end":{"line":46,"column":null}},"6":{"start":{"line":45,"column":4},"end":{"line":45,"column":null}},"7":{"start":{"line":49,"column":2},"end":{"line":51,"column":null}},"8":{"start":{"line":50,"column":4},"end":{"line":50,"column":null}},"9":{"start":{"line":53,"column":27},"end":{"line":67,"column":null}},"10":{"start":{"line":123,"column":16},"end":{"line":124,"column":null}}},"fnMap":{"0":{"name":"PaperPage","decl":{"start":{"line":42,"column":30},"end":{"line":42,"column":40}},"loc":{"start":{"line":42,"column":66},"end":{"line":187,"column":null}}},"1":{"name":"(anonymous_3)","decl":{"start":{"line":122,"column":38},"end":{"line":122,"column":39}},"loc":{"start":{"line":123,"column":16},"end":{"line":124,"column":null}}}},"branchMap":{"0":{"loc":{"start":{"line":44,"column":2},"end":{"line":46,"column":null}},"type":"if","locations":[{"start":{"line":44,"column":2},"end":{"line":46,"column":null}}]},"1":{"loc":{"start":{"line":49,"column":2},"end":{"line":51,"column":null}},"type":"if","locations":[{"start":{"line":49,"column":2},"end":{"line":51,"column":null}}]},"2":{"loc":{"start":{"line":84,"column":13},"end":{"line":84,"column":26}},"type":"binary-expr","locations":[{"start":{"line":84,"column":13},"end":{"line":84,"column":26}}]},"3":{"loc":{"start":{"line":92,"column":13},"end":{"line":92,"column":null}},"type":"cond-expr","locations":[{"start":{"line":92,"column":33},"end":{"line":92,"column":60}},{"start":{"line":92,"column":63},"end":{"line":92,"column":null}}]},"4":{"loc":{"start":{"line":114,"column":12},"end":{"line":121,"column":13}},"type":"cond-expr","locations":[{"start":{"line":114,"column":12},"end":{"line":121,"column":13}}]},"5":{"loc":{"start":{"line":131,"column":21},"end":{"line":131,"column":35}},"type":"binary-expr","locations":[{"start":{"line":131,"column":21},"end":{"line":131,"column":35}}]},"6":{"loc":{"start":{"line":150,"column":21},"end":{"line":150,"column":34}},"type":"binary-expr","locations":[{"start":{"line":150,"column":21},"end":{"line":150,"column":34}}]},"7":{"loc":{"start":{"line":158,"column":21},"end":{"line":158,"column":32}},"type":"binary-expr","locations":[{"start":{"line":158,"column":21},"end":{"line":158,"column":32}}]},"8":{"loc":{"start":{"line":172,"column":19},"end":{"line":172,"column":32}},"type":"binary-expr","locations":[{"start":{"line":172,"column":19},"end":{"line":172,"column":32}}]}},"s":{"0":0,"1":0,"2":0,"3":0,"4":0,"5":0,"6":0,"7":0,"8":0,"9":0,"10":0},"f":{"0":0,"1":0},"b":{"0":[0],"1":[0],"2":[0],"3":[0,0],"4":[0],"5":[0],"6":[0],"7":[0],"8":[0]}}
,"D:\\squants\\src\\app\\papers\\[id]\\paper-comments.tsx": {"path":"D:\\squants\\src\\app\\papers\\[id]\\paper-comments.tsx","statementMap":{"0":{"start":{"line":17,"column":16},"end":{"line":17,"column":30}},"1":{"start":{"line":3,"column":36},"end":{"line":3,"column":null}},"2":{"start":{"line":18,"column":44},"end":{"line":18,"column":null}},"3":{"start":{"line":19,"column":38},"end":{"line":19,"column":null}},"4":{"start":{"line":20,"column":32},"end":{"line":20,"column":null}},"5":{"start":{"line":21,"column":38},"end":{"line":21,"column":null}},"6":{"start":{"line":22,"column":28},"end":{"line":22,"column":null}},"7":{"start":{"line":25,"column":4},"end":{"line":25,"column":null}},"8":{"start":{"line":26,"column":4},"end":{"line":26,"column":null}},"9":{"start":{"line":28,"column":27},"end":{"line":28,"column":null}},"10":{"start":{"line":29,"column":4},"end":{"line":32,"column":null}},"11":{"start":{"line":30,"column":6},"end":{"line":30,"column":null}},"12":{"start":{"line":31,"column":6},"end":{"line":31,"column":null}},"13":{"start":{"line":33,"column":4},"end":{"line":36,"column":null}},"14":{"start":{"line":34,"column":6},"end":{"line":34,"column":null}},"15":{"start":{"line":35,"column":6},"end":{"line":35,"column":null}},"16":{"start":{"line":38,"column":4},"end":{"line":64,"column":null}},"17":{"start":{"line":39,"column":6},"end":{"line":39,"column":null}},"18":{"start":{"line":40,"column":18},"end":{"line":49,"column":null}},"19":{"start":{"line":51,"column":6},"end":{"line":53,"column":null}},"20":{"start":{"line":52,"column":8},"end":{"line":52,"column":null}},"21":{"start":{"line":55,"column":20},"end":{"line":55,"column":null}},"22":{"start":{"line":56,"column":6},"end":{"line":56,"column":null}},"23":{"start":{"line":56,"column":33},"end":{"line":56,"column":null}},"24":{"start":{"line":57,"column":6},"end":{"line":57,"column":null}},"25":{"start":{"line":58,"column":6},"end":{"line":58,"column":null}},"26":{"start":{"line":60,"column":6},"end":{"line":60,"column":null}},"27":{"start":{"line":61,"column":6},"end":{"line":61,"column":null}},"28":{"start":{"line":63,"column":6},"end":{"line":63,"column":null}},"29":{"start":{"line":80,"column":12},"end":{"line":81,"column":null}},"30":{"start":{"line":106,"column":29},"end":{"line":106,"column":null}},"31":{"start":{"line":113,"column":27},"end":{"line":113,"column":null}}},"fnMap":{"0":{"name":"PaperComments","decl":{"start":{"line":17,"column":16},"end":{"line":17,"column":30}},"loc":{"start":{"line":17,"column":71},"end":{"line":127,"column":null}}},"1":{"name":"handleSubmit","decl":{"start":{"line":24,"column":17},"end":{"line":24,"column":30}},"loc":{"start":{"line":24,"column":42},"end":{"line":65,"column":null}}},"2":{"name":"(anonymous_3)","decl":{"start":{"line":56,"column":23},"end":{"line":56,"column":24}},"loc":{"start":{"line":56,"column":33},"end":{"line":56,"column":null}}},"3":{"name":"(anonymous_4)","decl":{"start":{"line":79,"column":29},"end":{"line":79,"column":30}},"loc":{"start":{"line":80,"column":12},"end":{"line":81,"column":null}}},"4":{"name":"(anonymous_5)","decl":{"start":{"line":106,"column":22},"end":{"line":106,"column":23}},"loc":{"start":{"line":106,"column":29},"end":{"line":106,"column":null}}},"5":{"name":"(anonymous_6)","decl":{"start":{"line":113,"column":20},"end":{"line":113,"column":21}},"loc":{"start":{"line":113,"column":27},"end":{"line":113,"column":null}}}},"branchMap":{"0":{"loc":{"start":{"line":29,"column":4},"end":{"line":32,"column":null}},"type":"if","locations":[{"start":{"line":29,"column":4},"end":{"line":32,"column":null}}]},"1":{"loc":{"start":{"line":33,"column":4},"end":{"line":36,"column":null}},"type":"if","locations":[{"start":{"line":33,"column":4},"end":{"line":36,"column":null}}]},"2":{"loc":{"start":{"line":46,"column":22},"end":{"line":46,"column":null}},"type":"binary-expr","locations":[{"start":{"line":46,"column":22},"end":{"line":46,"column":43}},{"start":{"line":46,"column":43},"end":{"line":46,"column":null}}]},"3":{"loc":{"start":{"line":51,"column":6},"end":{"line":53,"column":null}},"type":"if","locations":[{"start":{"line":51,"column":6},"end":{"line":53,"column":null}}]},"4":{"loc":{"start":{"line":73,"column":8},"end":{"line":78,"column":9}},"type":"cond-expr","locations":[{"start":{"line":73,"column":8},"end":{"line":78,"column":9}}]},"5":{"loc":{"start":{"line":86,"column":17},"end":{"line":86,"column":null}},"type":"cond-expr","locations":[{"start":{"line":86,"column":38},"end":{"line":86,"column":67}},{"start":{"line":86,"column":70},"end":{"line":86,"column":null}}]},"6":{"loc":{"start":{"line":116,"column":9},"end":{"line":116,"column":18}},"type":"binary-expr","locations":[{"start":{"line":116,"column":9},"end":{"line":116,"column":18}}]},"7":{"loc":{"start":{"line":122,"column":11},"end":{"line":122,"column":null}},"type":"cond-expr","locations":[{"start":{"line":122,"column":24},"end":{"line":122,"column":42}},{"start":{"line":122,"column":42},"end":{"line":122,"column":null}}]}},"s":{"0":0,"1":0,"2":0,"3":0,"4":0,"5":0,"6":0,"7":0,"8":0,"9":0,"10":0,"11":0,"12":0,"13":0,"14":0,"15":0,"16":0,"17":0,"18":0,"19":0,"20":0,"21":0,"22":0,"23":0,"24":0,"25":0,"26":0,"27":0,"28":0,"29":0,"30":0,"31":0},"f":{"0":0,"1":0,"2":0,"3":0,"4":0,"5":0},"b":{"0":[0],"1":[0],"2":[0,0],"3":[0],"4":[0],"5":[0,0],"6":[0],"7":[0,0]}}
,"D:\\squants\\src\\app\\papers\\submit\\page.tsx": {"path":"D:\\squants\\src\\app\\papers\\submit\\page.tsx","statementMap":{"0":{"start":{"line":10,"column":24},"end":{"line":10,"column":null}},"1":{"start":{"line":3,"column":36},"end":{"line":3,"column":null}},"2":{"start":{"line":4,"column":26},"end":{"line":4,"column":null}},"3":{"start":{"line":11,"column":17},"end":{"line":11,"column":null}},"4":{"start":{"line":12,"column":38},"end":{"line":12,"column":null}},"5":{"start":{"line":13,"column":28},"end":{"line":13,"column":null}},"6":{"start":{"line":14,"column":42},"end":{"line":14,"column":null}},"7":{"start":{"line":15,"column":24},"end":{"line":15,"column":null}},"8":{"start":{"line":16,"column":38},"end":{"line":16,"column":null}},"9":{"start":{"line":17,"column":32},"end":{"line":17,"column":null}},"10":{"start":{"line":18,"column":36},"end":{"line":18,"column":null}},"11":{"start":{"line":19,"column":36},"end":{"line":19,"column":null}},"12":{"start":{"line":20,"column":32},"end":{"line":20,"column":null}},"13":{"start":{"line":21,"column":32},"end":{"line":21,"column":null}},"14":{"start":{"line":22,"column":28},"end":{"line":22,"column":null}},"15":{"start":{"line":25,"column":4},"end":{"line":25,"column":null}},"16":{"start":{"line":26,"column":4},"end":{"line":26,"column":null}},"17":{"start":{"line":28,"column":4},"end":{"line":31,"column":null}},"18":{"start":{"line":29,"column":6},"end":{"line":29,"column":null}},"19":{"start":{"line":30,"column":6},"end":{"line":30,"column":null}},"20":{"start":{"line":32,"column":4},"end":{"line":35,"column":null}},"21":{"start":{"line":33,"column":6},"end":{"line":33,"column":null}},"22":{"start":{"line":34,"column":6},"end":{"line":34,"column":null}},"23":{"start":{"line":37,"column":4},"end":{"line":69,"column":null}},"24":{"start":{"line":38,"column":6},"end":{"line":38,"column":null}},"25":{"start":{"line":39,"column":18},"end":{"line":55,"column":null}},"26":{"start":{"line":57,"column":6},"end":{"line":60,"column":null}},"27":{"start":{"line":58,"column":21},"end":{"line":58,"column":null}},"28":{"start":{"line":58,"column":50},"end":{"line":58,"column":null}},"29":{"start":{"line":59,"column":8},"end":{"line":59,"column":null}},"30":{"start":{"line":62,"column":20},"end":{"line":62,"column":null}},"31":{"start":{"line":63,"column":6},"end":{"line":63,"column":null}},"32":{"start":{"line":65,"column":6},"end":{"line":65,"column":null}},"33":{"start":{"line":66,"column":6},"end":{"line":66,"column":null}},"34":{"start":{"line":68,"column":6},"end":{"line":68,"column":null}},"35":{"start":{"line":73,"column":4},"end":{"line":73,"column":null}},"36":{"start":{"line":74,"column":4},"end":{"line":77,"column":null}},"37":{"start":{"line":75,"column":6},"end":{"line":75,"column":null}},"38":{"start":{"line":76,"column":6},"end":{"line":76,"column":null}},"39":{"start":{"line":79,"column":4},"end":{"line":109,"column":null}},"40":{"start":{"line":80,"column":6},"end":{"line":80,"column":null}},"41":{"start":{"line":81,"column":18},"end":{"line":87,"column":null}},"42":{"start":{"line":89,"column":6},"end":{"line":92,"column":null}},"43":{"start":{"line":90,"column":21},"end":{"line":90,"column":null}},"44":{"start":{"line":90,"column":50},"end":{"line":90,"column":null}},"45":{"start":{"line":91,"column":8},"end":{"line":91,"column":null}},"46":{"start":{"line":94,"column":20},"end":{"line":94,"column":null}},"47":{"start":{"line":101,"column":6},"end":{"line":101,"column":null}},"48":{"start":{"line":102,"column":6},"end":{"line":102,"column":null}},"49":{"start":{"line":103,"column":6},"end":{"line":103,"column":null}},"50":{"start":{"line":105,"column":6},"end":{"line":105,"column":null}},"51":{"start":{"line":106,"column":6},"end":{"line":106,"column":null}},"52":{"start":{"line":108,"column":6},"end":{"line":108,"column":null}},"53":{"start":{"line":134,"column":33},"end":{"line":134,"column":null}},"54":{"start":{"line":160,"column":33},"end":{"line":160,"column":null}},"55":{"start":{"line":166,"column":33},"end":{"line":166,"column":null}},"56":{"start":{"line":173,"column":33},"end":{"line":173,"column":null}},"57":{"start":{"line":188,"column":33},"end":{"line":188,"column":null}},"58":{"start":{"line":194,"column":33},"end":{"line":194,"column":null}},"59":{"start":{"line":200,"column":33},"end":{"line":200,"column":null}},"60":{"start":{"line":206,"column":33},"end":{"line":206,"column":null}},"61":{"start":{"line":213,"column":33},"end":{"line":213,"column":null}}},"fnMap":{"0":{"name":"SubmitPaperPage","decl":{"start":{"line":10,"column":24},"end":{"line":10,"column":null}},"loc":{"start":{"line":10,"column":24},"end":{"line":232,"column":null}}},"1":{"name":"handleSubmit","decl":{"start":{"line":24,"column":17},"end":{"line":24,"column":30}},"loc":{"start":{"line":24,"column":42},"end":{"line":70,"column":null}}},"2":{"name":"(anonymous_3)","decl":{"start":{"line":58,"column":44},"end":{"line":58,"column":50}},"loc":{"start":{"line":58,"column":50},"end":{"line":58,"column":null}}},"3":{"name":"handleFetchFromArxiv","decl":{"start":{"line":72,"column":17},"end":{"line":72,"column":null}},"loc":{"start":{"line":72,"column":17},"end":{"line":110,"column":null}}},"4":{"name":"(anonymous_5)","decl":{"start":{"line":90,"column":44},"end":{"line":90,"column":50}},"loc":{"start":{"line":90,"column":50},"end":{"line":90,"column":null}}},"5":{"name":"(anonymous_6)","decl":{"start":{"line":134,"column":26},"end":{"line":134,"column":27}},"loc":{"start":{"line":134,"column":33},"end":{"line":134,"column":null}}},"6":{"name":"(anonymous_7)","decl":{"start":{"line":160,"column":26},"end":{"line":160,"column":27}},"loc":{"start":{"line":160,"column":33},"end":{"line":160,"column":null}}},"7":{"name":"(anonymous_8)","decl":{"start":{"line":166,"column":26},"end":{"line":166,"column":27}},"loc":{"start":{"line":166,"column":33},"end":{"line":166,"column":null}}},"8":{"name":"(anonymous_9)","decl":{"start":{"line":173,"column":26},"end":{"line":173,"column":27}},"loc":{"start":{"line":173,"column":33},"end":{"line":173,"column":null}}},"9":{"name":"(anonymous_10)","decl":{"start":{"line":188,"column":26},"end":{"line":188,"column":27}},"loc":{"start":{"line":188,"column":33},"end":{"line":188,"column":null}}},"10":{"name":"(anonymous_11)","decl":{"start":{"line":194,"column":26},"end":{"line":194,"column":27}},"loc":{"start":{"line":194,"column":33},"end":{"line":194,"column":null}}},"11":{"name":"(anonymous_12)","decl":{"start":{"line":200,"column":26},"end":{"line":200,"column":27}},"loc":{"start":{"line":200,"column":33},"end":{"line":200,"column":null}}},"12":{"name":"(anonymous_13)","decl":{"start":{"line":206,"column":26},"end":{"line":206,"column":27}},"loc":{"start":{"line":206,"column":33},"end":{"line":206,"column":null}}},"13":{"name":"(anonymous_14)","decl":{"start":{"line":213,"column":26},"end":{"line":213,"column":27}},"loc":{"start":{"line":213,"column":33},"end":{"line":213,"column":null}}}},"branchMap":{"0":{"loc":{"start":{"line":28,"column":4},"end":{"line":31,"column":null}},"type":"if","locations":[{"start":{"line":28,"column":4},"end":{"line":31,"column":null}}]},"1":{"loc":{"start":{"line":28,"column":8},"end":{"line":28,"column":47}},"type":"binary-expr","locations":[{"start":{"line":28,"column":8},"end":{"line":28,"column":25}},{"start":{"line":28,"column":25},"end":{"line":28,"column":47}}]},"2":{"loc":{"start":{"line":32,"column":4},"end":{"line":35,"column":null}},"type":"if","locations":[{"start":{"line":32,"column":4},"end":{"line":35,"column":null}}]},"3":{"loc":{"start":{"line":32,"column":8},"end":{"line":32,"column":46}},"type":"binary-expr","locations":[{"start":{"line":32,"column":8},"end":{"line":32,"column":27}},{"start":{"line":32,"column":27},"end":{"line":32,"column":46}}]},"4":{"loc":{"start":{"line":45,"column":22},"end":{"line":45,"column":null}},"type":"binary-expr","locations":[{"start":{"line":45,"column":22},"end":{"line":45,"column":43}},{"start":{"line":45,"column":43},"end":{"line":45,"column":null}}]},"5":{"loc":{"start":{"line":48,"column":15},"end":{"line":48,"column":null}},"type":"binary-expr","locations":[{"start":{"line":48,"column":15},"end":{"line":48,"column":29}},{"start":{"line":48,"column":29},"end":{"line":48,"column":null}}]},"6":{"loc":{"start":{"line":49,"column":22},"end":{"line":49,"column":null}},"type":"binary-expr","locations":[{"start":{"line":49,"column":22},"end":{"line":49,"column":43}},{"start":{"line":49,"column":43},"end":{"line":49,"column":null}}]},"7":{"loc":{"start":{"line":52,"column":21},"end":{"line":52,"column":null}},"type":"binary-expr","locations":[{"start":{"line":52,"column":21},"end":{"line":52,"column":41}},{"start":{"line":52,"column":41},"end":{"line":52,"column":null}}]},"8":{"loc":{"start":{"line":53,"column":19},"end":{"line":53,"column":null}},"type":"binary-expr","locations":[{"start":{"line":53,"column":19},"end":{"line":53,"column":37}},{"start":{"line":53,"column":37},"end":{"line":53,"column":null}}]},"9":{"loc":{"start":{"line":57,"column":6},"end":{"line":60,"column":null}},"type":"if","locations":[{"start":{"line":57,"column":6},"end":{"line":60,"column":null}}]},"10":{"loc":{"start":{"line":59,"column":24},"end":{"line":59,"column":null}},"type":"binary-expr","locations":[{"start":{"line":59,"column":24},"end":{"line":59,"column":39}},{"start":{"line":59,"column":39},"end":{"line":59,"column":null}}]},"11":{"loc":{"start":{"line":66,"column":15},"end":{"line":66,"column":null}},"type":"binary-expr","locations":[{"start":{"line":66,"column":15},"end":{"line":66,"column":26}},{"start":{"line":66,"column":30},"end":{"line":66,"column":null}}]},"12":{"loc":{"start":{"line":74,"column":4},"end":{"line":77,"column":null}},"type":"if","locations":[{"start":{"line":74,"column":4},"end":{"line":77,"column":null}}]},"13":{"loc":{"start":{"line":89,"column":6},"end":{"line":92,"column":null}},"type":"if","locations":[{"start":{"line":89,"column":6},"end":{"line":92,"column":null}}]},"14":{"loc":{"start":{"line":91,"column":24},"end":{"line":91,"column":null}},"type":"binary-expr","locations":[{"start":{"line":91,"column":24},"end":{"line":91,"column":39}},{"start":{"line":91,"column":39},"end":{"line":91,"column":null}}]},"15":{"loc":{"start":{"line":106,"column":15},"end":{"line":106,"column":null}},"type":"binary-expr","locations":[{"start":{"line":106,"column":15},"end":{"line":106,"column":26}},{"start":{"line":106,"column":30},"end":{"line":106,"column":null}}]},"16":{"loc":{"start":{"line":143,"column":17},"end":{"line":143,"column":null}},"type":"cond-expr","locations":[{"start":{"line":143,"column":27},"end":{"line":143,"column":43}},{"start":{"line":143,"column":43},"end":{"line":143,"column":null}}]},"17":{"loc":{"start":{"line":219,"column":11},"end":{"line":219,"column":20}},"type":"binary-expr","locations":[{"start":{"line":219,"column":11},"end":{"line":219,"column":20}}]},"18":{"loc":{"start":{"line":226,"column":13},"end":{"line":226,"column":null}},"type":"cond-expr","locations":[{"start":{"line":226,"column":23},"end":{"line":226,"column":41}},{"start":{"line":226,"column":41},"end":{"line":226,"column":null}}]}},"s":{"0":0,"1":0,"2":0,"3":0,"4":0,"5":0,"6":0,"7":0,"8":0,"9":0,"10":0,"11":0,"12":0,"13":0,"14":0,"15":0,"16":0,"17":0,"18":0,"19":0,"20":0,"21":0,"22":0,"23":0,"24":0,"25":0,"26":0,"27":0,"28":0,"29":0,"30":0,"31":0,"32":0,"33":0,"34":0,"35":0,"36":0,"37":0,"38":0,"39":0,"40":0,"41":0,"42":0,"43":0,"44":0,"45":0,"46":0,"47":0,"48":0,"49":0,"50":0,"51":0,"52":0,"53":0,"54":0,"55":0,"56":0,"57":0,"58":0,"59":0,"60":0,"61":0},"f":{"0":0,"1":0,"2":0,"3":0,"4":0,"5":0,"6":0,"7":0,"8":0,"9":0,"10":0,"11":0,"12":0,"13":0},"b":{"0":[0],"1":[0,0],"2":[0],"3":[0,0],"4":[0,0],"5":[0,0],"6":[0,0],"7":[0,0],"8":[0,0],"9":[0],"10":[0,0],"11":[0,0],"12":[0],"13":[0],"14":[0,0],"15":[0,0],"16":[0,0],"17":[0],"18":[0,0]}}
,"D:\\squants\\src\\components\\CacheManager.tsx": {"path":"D:\\squants\\src\\components\\CacheManager.tsx","statementMap":{"0":{"start":{"line":11,"column":16},"end":{"line":11,"column":null}},"1":{"start":{"line":3,"column":38},"end":{"line":3,"column":null}},"2":{"start":{"line":12,"column":30},"end":{"line":16,"column":null}},"3":{"start":{"line":18,"column":27},"end":{"line":36,"column":null}},"4":{"start":{"line":19,"column":4},"end":{"line":19,"column":null}},"5":{"start":{"line":19,"column":31},"end":{"line":19,"column":null}},"6":{"start":{"line":21,"column":4},"end":{"line":35,"column":null}},"7":{"start":{"line":22,"column":25},"end":{"line":22,"column":null}},"8":{"start":{"line":23,"column":6},"end":{"line":23,"column":null}},"9":{"start":{"line":23,"column":49},"end":{"line":23,"column":null}},"10":{"start":{"line":25,"column":6},"end":{"line":29,"column":null}},"11":{"start":{"line":31,"column":6},"end":{"line":31,"column":null}},"12":{"start":{"line":32,"column":6},"end":{"line":32,"column":null}},"13":{"start":{"line":34,"column":6},"end":{"line":34,"column":null}},"14":{"start":{"line":38,"column":27},"end":{"line":68,"column":null}},"15":{"start":{"line":39,"column":4},"end":{"line":39,"column":null}},"16":{"start":{"line":39,"column":31},"end":{"line":39,"column":null}},"17":{"start":{"line":41,"column":4},"end":{"line":67,"column":null}},"18":{"start":{"line":42,"column":25},"end":{"line":42,"column":null}},"19":{"start":{"line":43,"column":22},"end":{"line":43,"column":null}},"20":{"start":{"line":45,"column":6},"end":{"line":56,"column":null}},"21":{"start":{"line":46,"column":22},"end":{"line":46,"column":null}},"22":{"start":{"line":47,"column":21},"end":{"line":47,"column":null}},"23":{"start":{"line":49,"column":8},"end":{"line":55,"column":null}},"24":{"start":{"line":50,"column":27},"end":{"line":50,"column":null}},"25":{"start":{"line":51,"column":10},"end":{"line":54,"column":null}},"26":{"start":{"line":52,"column":25},"end":{"line":52,"column":null}},"27":{"start":{"line":53,"column":12},"end":{"line":53,"column":null}},"28":{"start":{"line":58,"column":23},"end":{"line":58,"column":null}},"29":{"start":{"line":60,"column":6},"end":{"line":64,"column":null}},"30":{"start":{"line":66,"column":6},"end":{"line":66,"column":null}}},"fnMap":{"0":{"name":"CacheManager","decl":{"start":{"line":11,"column":16},"end":{"line":11,"column":null}},"loc":{"start":{"line":11,"column":16},"end":{"line":99,"column":null}}},"1":{"name":"(anonymous_2)","decl":{"start":{"line":18,"column":39},"end":{"line":18,"column":null}},"loc":{"start":{"line":18,"column":39},"end":{"line":36,"column":5}}},"2":{"name":"(anonymous_3)","decl":{"start":{"line":23,"column":39},"end":{"line":23,"column":40}},"loc":{"start":{"line":23,"column":49},"end":{"line":23,"column":null}}},"3":{"name":"(anonymous_4)","decl":{"start":{"line":38,"column":39},"end":{"line":38,"column":null}},"loc":{"start":{"line":38,"column":39},"end":{"line":68,"column":5}}}},"branchMap":{"0":{"loc":{"start":{"line":19,"column":4},"end":{"line":19,"column":null}},"type":"if","locations":[{"start":{"line":19,"column":4},"end":{"line":19,"column":null}}]},"1":{"loc":{"start":{"line":39,"column":4},"end":{"line":39,"column":null}},"type":"if","locations":[{"start":{"line":39,"column":4},"end":{"line":39,"column":null}}]},"2":{"loc":{"start":{"line":51,"column":10},"end":{"line":54,"column":null}},"type":"if","locations":[{"start":{"line":51,"column":10},"end":{"line":54,"column":null}}]},"3":{"loc":{"start":{"line":79,"column":13},"end":{"line":79,"column":70}},"type":"binary-expr","locations":[{"start":{"line":79,"column":13},"end":{"line":79,"column":31}},{"start":{"line":79,"column":35},"end":{"line":79,"column":70}}]}},"s":{"0":0,"1":0,"2":0,"3":0,"4":0,"5":0,"6":0,"7":0,"8":0,"9":0,"10":0,"11":0,"12":0,"13":0,"14":0,"15":0,"16":0,"17":0,"18":0,"19":0,"20":0,"21":0,"22":0,"23":0,"24":0,"25":0,"26":0,"27":0,"28":0,"29":0,"30":0},"f":{"0":0,"1":0,"2":0,"3":0},"b":{"0":[0],"1":[0],"2":[0],"3":[0,0]}}
,"D:\\squants\\src\\components\\Layout.tsx": {"path":"D:\\squants\\src\\components\\Layout.tsx","statementMap":{"0":{"start":{"line":4,"column":16},"end":{"line":4,"column":27}},"1":{"start":{"line":1,"column":17},"end":{"line":1,"column":null}}},"fnMap":{"0":{"name":"SiteLayout","decl":{"start":{"line":4,"column":16},"end":{"line":4,"column":27}},"loc":{"start":{"line":4,"column":64},"end":{"line":58,"column":null}}}},"branchMap":{},"s":{"0":0,"1":0},"f":{"0":0},"b":{}}
,"D:\\squants\\src\\components\\MobileNav.tsx": {"path":"D:\\squants\\src\\components\\MobileNav.tsx","statementMap":{"0":{"start":{"line":20,"column":16},"end":{"line":20,"column":null}},"1":{"start":{"line":3,"column":25},"end":{"line":3,"column":null}},"2":{"start":{"line":11,"column":29},"end":{"line":18,"column":null}},"3":{"start":{"line":21,"column":30},"end":{"line":21,"column":null}},"4":{"start":{"line":27,"column":23},"end":{"line":27,"column":null}},"5":{"start":{"line":39,"column":14},"end":{"line":40,"column":null}},"6":{"start":{"line":43,"column":31},"end":{"line":43,"column":null}},"7":{"start":{"line":57,"column":25},"end":{"line":57,"column":null}}},"fnMap":{"0":{"name":"MobileNav","decl":{"start":{"line":20,"column":16},"end":{"line":20,"column":null}},"loc":{"start":{"line":20,"column":16},"end":{"line":62,"column":null}}},"1":{"name":"(anonymous_2)","decl":{"start":{"line":27,"column":17},"end":{"line":27,"column":23}},"loc":{"start":{"line":27,"column":23},"end":{"line":27,"column":null}}},"2":{"name":"(anonymous_3)","decl":{"start":{"line":38,"column":27},"end":{"line":38,"column":28}},"loc":{"start":{"line":39,"column":14},"end":{"line":40,"column":null}}},"3":{"name":"(anonymous_4)","decl":{"start":{"line":43,"column":25},"end":{"line":43,"column":31}},"loc":{"start":{"line":43,"column":31},"end":{"line":43,"column":null}}},"4":{"name":"(anonymous_5)","decl":{"start":{"line":57,"column":19},"end":{"line":57,"column":25}},"loc":{"start":{"line":57,"column":25},"end":{"line":57,"column":null}}}},"branchMap":{"0":{"loc":{"start":{"line":31,"column":9},"end":{"line":31,"column":null}},"type":"cond-expr","locations":[{"start":{"line":31,"column":18},"end":{"line":31,"column":24}},{"start":{"line":31,"column":24},"end":{"line":31,"column":null}}]},"1":{"loc":{"start":{"line":35,"column":7},"end":{"line":35,"column":null}},"type":"binary-expr","locations":[{"start":{"line":35,"column":7},"end":{"line":35,"column":null}}]},"2":{"loc":{"start":{"line":45,"column":17},"end":{"line":45,"column":26}},"type":"binary-expr","locations":[{"start":{"line":45,"column":17},"end":{"line":45,"column":26}}]},"3":{"loc":{"start":{"line":54,"column":7},"end":{"line":54,"column":null}},"type":"binary-expr","locations":[{"start":{"line":54,"column":7},"end":{"line":54,"column":null}}]}},"s":{"0":0,"1":0,"2":0,"3":0,"4":0,"5":0,"6":0,"7":0},"f":{"0":0,"1":0,"2":0,"3":0,"4":0},"b":{"0":[0,0],"1":[0],"2":[0],"3":[0]}}
,"D:\\squants\\src\\components\\OnlineIndicator.tsx": {"path":"D:\\squants\\src\\components\\OnlineIndicator.tsx","statementMap":{"0":{"start":{"line":10,"column":16},"end":{"line":10,"column":null}},"1":{"start":{"line":3,"column":36},"end":{"line":3,"column":null}},"2":{"start":{"line":11,"column":30},"end":{"line":14,"column":null}},"3":{"start":{"line":16,"column":2},"end":{"line":45,"column":null}},"4":{"start":{"line":17,"column":25},"end":{"line":23,"column":null}},"5":{"start":{"line":18,"column":6},"end":{"line":22,"column":null}},"6":{"start":{"line":18,"column":27},"end":{"line":22,"column":null}},"7":{"start":{"line":25,"column":26},"end":{"line":30,"column":null}},"8":{"start":{"line":26,"column":6},"end":{"line":29,"column":null}},"9":{"start":{"line":26,"column":27},"end":{"line":29,"column":null}},"10":{"start":{"line":33,"column":4},"end":{"line":36,"column":null}},"11":{"start":{"line":33,"column":25},"end":{"line":36,"column":null}},"12":{"start":{"line":38,"column":4},"end":{"line":38,"column":null}},"13":{"start":{"line":39,"column":4},"end":{"line":39,"column":null}},"14":{"start":{"line":41,"column":4},"end":{"line":44,"column":null}},"15":{"start":{"line":42,"column":6},"end":{"line":42,"column":null}},"16":{"start":{"line":43,"column":6},"end":{"line":43,"column":null}},"17":{"start":{"line":47,"column":2},"end":{"line":47,"column":null}},"18":{"start":{"line":47,"column":23},"end":{"line":47,"column":null}}},"fnMap":{"0":{"name":"OnlineIndicator","decl":{"start":{"line":10,"column":16},"end":{"line":10,"column":null}},"loc":{"start":{"line":10,"column":16},"end":{"line":61,"column":null}}},"1":{"name":"(anonymous_2)","decl":{"start":{"line":16,"column":12},"end":{"line":16,"column":null}},"loc":{"start":{"line":16,"column":12},"end":{"line":45,"column":5}}},"2":{"name":"(anonymous_3)","decl":{"start":{"line":17,"column":25},"end":{"line":17,"column":null}},"loc":{"start":{"line":17,"column":25},"end":{"line":23,"column":null}}},"3":{"name":"(anonymous_4)","decl":{"start":{"line":18,"column":16},"end":{"line":18,"column":17}},"loc":{"start":{"line":18,"column":27},"end":{"line":22,"column":null}}},"4":{"name":"(anonymous_5)","decl":{"start":{"line":25,"column":26},"end":{"line":25,"column":null}},"loc":{"start":{"line":25,"column":26},"end":{"line":30,"column":null}}},"5":{"name":"(anonymous_6)","decl":{"start":{"line":26,"column":16},"end":{"line":26,"column":17}},"loc":{"start":{"line":26,"column":27},"end":{"line":29,"column":null}}},"6":{"name":"(anonymous_7)","decl":{"start":{"line":33,"column":14},"end":{"line":33,"column":15}},"loc":{"start":{"line":33,"column":25},"end":{"line":36,"column":null}}},"7":{"name":"(anonymous_8)","decl":{"start":{"line":41,"column":11},"end":{"line":41,"column":null}},"loc":{"start":{"line":41,"column":11},"end":{"line":44,"column":null}}}},"branchMap":{"0":{"loc":{"start":{"line":47,"column":2},"end":{"line":47,"column":null}},"type":"if","locations":[{"start":{"line":47,"column":2},"end":{"line":47,"column":null}}]},"1":{"loc":{"start":{"line":53,"column":9},"end":{"line":53,"column":24}},"type":"binary-expr","locations":[{"start":{"line":53,"column":9},"end":{"line":53,"column":24}}]}},"s":{"0":0,"1":0,"2":0,"3":0,"4":0,"5":0,"6":0,"7":0,"8":0,"9":0,"10":0,"11":0,"12":0,"13":0,"14":0,"15":0,"16":0,"17":0,"18":0},"f":{"0":0,"1":0,"2":0,"3":0,"4":0,"5":0,"6":0,"7":0},"b":{"0":[0],"1":[0]}}
,"D:\\squants\\src\\components\\PWAInstallPrompt.tsx": {"path":"D:\\squants\\src\\components\\PWAInstallPrompt.tsx","statementMap":{"0":{"start":{"line":6,"column":16},"end":{"line":6,"column":null}},"1":{"start":{"line":4,"column":33},"end":{"line":4,"column":null}},"2":{"start":{"line":7,"column":55},"end":{"line":7,"column":null}},"3":{"start":{"line":9,"column":2},"end":{"line":9,"column":null}},"4":{"start":{"line":9,"column":19},"end":{"line":9,"column":null}}},"fnMap":{"0":{"name":"PWAInstallPrompt","decl":{"start":{"line":6,"column":16},"end":{"line":6,"column":null}},"loc":{"start":{"line":6,"column":16},"end":{"line":29,"column":null}}}},"branchMap":{"0":{"loc":{"start":{"line":9,"column":2},"end":{"line":9,"column":null}},"type":"if","locations":[{"start":{"line":9,"column":2},"end":{"line":9,"column":null}}]}},"s":{"0":0,"1":0,"2":0,"3":0,"4":0},"f":{"0":0},"b":{"0":[0]}}
,"D:\\squants\\src\\components\\Responsive.tsx": {"path":"D:\\squants\\src\\components\\Responsive.tsx","statementMap":{"0":{"start":{"line":100,"column":13},"end":{"line":100,"column":29}},"1":{"start":{"line":154,"column":16},"end":{"line":154,"column":30}},"2":{"start":{"line":11,"column":16},"end":{"line":11,"column":35}},"3":{"start":{"line":44,"column":16},"end":{"line":44,"column":30}},"4":{"start":{"line":70,"column":16},"end":{"line":70,"column":31}},"5":{"start":{"line":3,"column":18},"end":{"line":3,"column":null}},"6":{"start":{"line":16,"column":24},"end":{"line":21,"column":13}},"7":{"start":{"line":49,"column":19},"end":{"line":53,"column":8}},"8":{"start":{"line":75,"column":19},"end":{"line":79,"column":8}},"9":{"start":{"line":82,"column":4},"end":{"line":84,"column":null}},"10":{"start":{"line":100,"column":32},"end":{"line":143,"column":null}},"11":{"start":{"line":115,"column":25},"end":{"line":119,"column":14}},"12":{"start":{"line":121,"column":22},"end":{"line":125,"column":11}},"13":{"start":{"line":146,"column":0},"end":{"line":146,"column":null}}},"fnMap":{"0":{"name":"ResponsiveContainer","decl":{"start":{"line":11,"column":16},"end":{"line":11,"column":35}},"loc":{"start":{"line":15,"column":27},"end":{"line":32,"column":null}}},"1":{"name":"ResponsiveGrid","decl":{"start":{"line":44,"column":16},"end":{"line":44,"column":30}},"loc":{"start":{"line":48,"column":22},"end":{"line":62,"column":null}}},"2":{"name":"ResponsiveStack","decl":{"start":{"line":70,"column":16},"end":{"line":70,"column":31}},"loc":{"start":{"line":74,"column":23},"end":{"line":91,"column":null}}},"3":{"name":"(anonymous_10)","decl":{"start":{"line":104,"column":2},"end":{"line":104,"column":null}},"loc":{"start":{"line":113,"column":4},"end":{"line":143,"column":null}}},"4":{"name":"ResponsiveCard","decl":{"start":{"line":154,"column":16},"end":{"line":154,"column":30}},"loc":{"start":{"line":158,"column":22},"end":{"line":170,"column":null}}}},"branchMap":{"0":{"loc":{"start":{"line":13,"column":2},"end":{"line":13,"column":17}},"type":"default-arg","locations":[{"start":{"line":13,"column":13},"end":{"line":13,"column":17}}]},"1":{"loc":{"start":{"line":14,"column":2},"end":{"line":14,"column":16}},"type":"default-arg","locations":[{"start":{"line":14,"column":12},"end":{"line":14,"column":16}}]},"2":{"loc":{"start":{"line":26,"column":8},"end":{"line":26,"column":null}},"type":"cond-expr","locations":[{"start":{"line":26,"column":18},"end":{"line":26,"column":43}},{"start":{"line":26,"column":43},"end":{"line":26,"column":null}}]},"3":{"loc":{"start":{"line":46,"column":2},"end":{"line":46,"column":48}},"type":"default-arg","locations":[{"start":{"line":46,"column":12},"end":{"line":46,"column":48}}]},"4":{"loc":{"start":{"line":47,"column":2},"end":{"line":47,"column":12}},"type":"default-arg","locations":[{"start":{"line":47,"column":8},"end":{"line":47,"column":12}}]},"5":{"loc":{"start":{"line":72,"column":2},"end":{"line":72,"column":24}},"type":"default-arg","locations":[{"start":{"line":72,"column":14},"end":{"line":72,"column":24}}]},"6":{"loc":{"start":{"line":73,"column":2},"end":{"line":73,"column":12}},"type":"default-arg","locations":[{"start":{"line":73,"column":8},"end":{"line":73,"column":12}}]},"7":{"loc":{"start":{"line":82,"column":4},"end":{"line":84,"column":null}},"type":"cond-expr","locations":[{"start":{"line":83,"column":8},"end":{"line":83,"column":null}},{"start":{"line":84,"column":8},"end":{"line":84,"column":null}}]},"8":{"loc":{"start":{"line":106,"column":6},"end":{"line":106,"column":25}},"type":"default-arg","locations":[{"start":{"line":106,"column":16},"end":{"line":106,"column":25}}]},"9":{"loc":{"start":{"line":107,"column":6},"end":{"line":107,"column":17}},"type":"default-arg","locations":[{"start":{"line":107,"column":13},"end":{"line":107,"column":17}}]},"10":{"loc":{"start":{"line":108,"column":6},"end":{"line":108,"column":23}},"type":"default-arg","locations":[{"start":{"line":108,"column":18},"end":{"line":108,"column":23}}]},"11":{"loc":{"start":{"line":135,"column":12},"end":{"line":135,"column":38}},"type":"cond-expr","locations":[{"start":{"line":135,"column":24},"end":{"line":135,"column":35}},{"start":{"line":135,"column":35},"end":{"line":135,"column":38}}]},"12":{"loc":{"start":{"line":136,"column":12},"end":{"line":136,"column":28}},"type":"binary-expr","locations":[{"start":{"line":136,"column":12},"end":{"line":136,"column":25}},{"start":{"line":136,"column":25},"end":{"line":136,"column":28}}]},"13":{"loc":{"start":{"line":156,"column":2},"end":{"line":156,"column":14}},"type":"default-arg","locations":[{"start":{"line":156,"column":10},"end":{"line":156,"column":14}}]},"14":{"loc":{"start":{"line":157,"column":2},"end":{"line":157,"column":16}},"type":"default-arg","locations":[{"start":{"line":157,"column":12},"end":{"line":157,"column":16}}]},"15":{"loc":{"start":{"line":163,"column":10},"end":{"line":163,"column":38}},"type":"cond-expr","locations":[{"start":{"line":163,"column":20},"end":{"line":163,"column":35}},{"start":{"line":163,"column":35},"end":{"line":163,"column":38}}]},"16":{"loc":{"start":{"line":164,"column":10},"end":{"line":164,"column":65}},"type":"cond-expr","locations":[{"start":{"line":164,"column":18},"end":{"line":164,"column":56}},{"start":{"line":164,"column":56},"end":{"line":164,"column":65}}]}},"s":{"0":0,"1":0,"2":0,"3":0,"4":0,"5":0,"6":0,"7":0,"8":0,"9":0,"10":0,"11":0,"12":0,"13":0},"f":{"0":0,"1":0,"2":0,"3":0,"4":0},"b":{"0":[0],"1":[0],"2":[0,0],"3":[0],"4":[0],"5":[0],"6":[0],"7":[0,0],"8":[0],"9":[0],"10":[0],"11":[0,0],"12":[0,0],"13":[0],"14":[0],"15":[0,0],"16":[0,0]}}
,"D:\\squants\\src\\hooks\\useDeviceDetection.ts": {"path":"D:\\squants\\src\\hooks\\useDeviceDetection.ts","statementMap":{"0":{"start":{"line":12,"column":16},"end":{"line":12,"column":null}},"1":{"start":{"line":3,"column":36},"end":{"line":3,"column":null}},"2":{"start":{"line":13,"column":30},"end":{"line":18,"column":null}},"3":{"start":{"line":20,"column":2},"end":{"line":45,"column":null}},"4":{"start":{"line":21,"column":22},"end":{"line":21,"column":null}},"5":{"start":{"line":25,"column":6},"end":{"line":26,"column":61}},"6":{"start":{"line":30,"column":6},"end":{"line":30,"column":null}},"7":{"start":{"line":34,"column":6},"end":{"line":35,"column":null}},"8":{"start":{"line":37,"column":17},"end":{"line":37,"column":null}},"9":{"start":{"line":39,"column":4},"end":{"line":44,"column":null}},"10":{"start":{"line":47,"column":2},"end":{"line":47,"column":null}}},"fnMap":{"0":{"name":"useDeviceDetection","decl":{"start":{"line":12,"column":16},"end":{"line":12,"column":null}},"loc":{"start":{"line":12,"column":16},"end":{"line":48,"column":null}}},"1":{"name":"(anonymous_2)","decl":{"start":{"line":20,"column":12},"end":{"line":20,"column":null}},"loc":{"start":{"line":20,"column":12},"end":{"line":45,"column":5}}}},"branchMap":{"0":{"loc":{"start":{"line":25,"column":6},"end":{"line":26,"column":61}},"type":"binary-expr","locations":[{"start":{"line":25,"column":6},"end":{"line":25,"column":null}},{"start":{"line":26,"column":6},"end":{"line":26,"column":61}}]},"1":{"loc":{"start":{"line":34,"column":6},"end":{"line":35,"column":null}},"type":"binary-expr","locations":[{"start":{"line":34,"column":6},"end":{"line":34,"column":null}},{"start":{"line":35,"column":7},"end":{"line":35,"column":35}},{"start":{"line":35,"column":35},"end":{"line":35,"column":null}}]},"2":{"loc":{"start":{"line":37,"column":17},"end":{"line":37,"column":null}},"type":"cond-expr","locations":[{"start":{"line":37,"column":41},"end":{"line":37,"column":52}},{"start":{"line":37,"column":52},"end":{"line":37,"column":null}}]},"3":{"loc":{"start":{"line":37,"column":17},"end":{"line":37,"column":41}},"type":"binary-expr","locations":[{"start":{"line":37,"column":17},"end":{"line":37,"column":29}},{"start":{"line":37,"column":29},"end":{"line":37,"column":41}}]},"4":{"loc":{"start":{"line":37,"column":52},"end":{"line":37,"column":null}},"type":"cond-expr","locations":[{"start":{"line":37,"column":63},"end":{"line":37,"column":74}},{"start":{"line":37,"column":74},"end":{"line":37,"column":null}}]}},"s":{"0":0,"1":0,"2":0,"3":0,"4":0,"5":0,"6":0,"7":0,"8":0,"9":0,"10":0},"f":{"0":0,"1":0},"b":{"0":[0,0],"1":[0,0,0],"2":[0,0],"3":[0,0],"4":[0,0]}}
,"D:\\squants\\src\\hooks\\useInstallPrompt.ts": {"path":"D:\\squants\\src\\hooks\\useInstallPrompt.ts","statementMap":{"0":{"start":{"line":10,"column":16},"end":{"line":10,"column":null}},"1":{"start":{"line":3,"column":36},"end":{"line":3,"column":null}},"2":{"start":{"line":11,"column":46},"end":{"line":11,"column":null}},"3":{"start":{"line":12,"column":38},"end":{"line":12,"column":null}},"4":{"start":{"line":14,"column":2},"end":{"line":35,"column":null}},"5":{"start":{"line":15,"column":38},"end":{"line":20,"column":null}},"6":{"start":{"line":16,"column":6},"end":{"line":16,"column":null}},"7":{"start":{"line":17,"column":26},"end":{"line":17,"column":null}},"8":{"start":{"line":18,"column":6},"end":{"line":18,"column":null}},"9":{"start":{"line":19,"column":6},"end":{"line":19,"column":null}},"10":{"start":{"line":22,"column":31},"end":{"line":26,"column":null}},"11":{"start":{"line":23,"column":6},"end":{"line":23,"column":null}},"12":{"start":{"line":24,"column":6},"end":{"line":24,"column":null}},"13":{"start":{"line":25,"column":6},"end":{"line":25,"column":null}},"14":{"start":{"line":28,"column":4},"end":{"line":28,"column":null}},"15":{"start":{"line":29,"column":4},"end":{"line":29,"column":null}},"16":{"start":{"line":31,"column":4},"end":{"line":34,"column":null}},"17":{"start":{"line":32,"column":6},"end":{"line":32,"column":null}},"18":{"start":{"line":33,"column":6},"end":{"line":33,"column":null}},"19":{"start":{"line":37,"column":24},"end":{"line":49,"column":null}},"20":{"start":{"line":38,"column":4},"end":{"line":38,"column":null}},"21":{"start":{"line":38,"column":25},"end":{"line":38,"column":null}},"22":{"start":{"line":40,"column":4},"end":{"line":40,"column":null}},"23":{"start":{"line":41,"column":24},"end":{"line":41,"column":55}},"24":{"start":{"line":43,"column":4},"end":{"line":45,"column":null}},"25":{"start":{"line":44,"column":6},"end":{"line":44,"column":null}},"26":{"start":{"line":47,"column":4},"end":{"line":47,"column":null}},"27":{"start":{"line":48,"column":4},"end":{"line":48,"column":null}},"28":{"start":{"line":51,"column":2},"end":{"line":55,"column":null}}},"fnMap":{"0":{"name":"useInstallPrompt","decl":{"start":{"line":10,"column":16},"end":{"line":10,"column":null}},"loc":{"start":{"line":10,"column":16},"end":{"line":56,"column":null}}},"1":{"name":"(anonymous_2)","decl":{"start":{"line":14,"column":12},"end":{"line":14,"column":null}},"loc":{"start":{"line":14,"column":12},"end":{"line":35,"column":5}}},"2":{"name":"(anonymous_3)","decl":{"start":{"line":15,"column":38},"end":{"line":15,"column":39}},"loc":{"start":{"line":15,"column":39},"end":{"line":20,"column":null}}},"3":{"name":"(anonymous_4)","decl":{"start":{"line":22,"column":31},"end":{"line":22,"column":null}},"loc":{"start":{"line":22,"column":31},"end":{"line":26,"column":null}}},"4":{"name":"(anonymous_5)","decl":{"start":{"line":31,"column":11},"end":{"line":31,"column":null}},"loc":{"start":{"line":31,"column":11},"end":{"line":34,"column":null}}},"5":{"name":"(anonymous_6)","decl":{"start":{"line":37,"column":24},"end":{"line":37,"column":null}},"loc":{"start":{"line":37,"column":24},"end":{"line":49,"column":null}}}},"branchMap":{"0":{"loc":{"start":{"line":38,"column":4},"end":{"line":38,"column":null}},"type":"if","locations":[{"start":{"line":38,"column":4},"end":{"line":38,"column":null}}]},"1":{"loc":{"start":{"line":43,"column":4},"end":{"line":45,"column":null}},"type":"if","locations":[{"start":{"line":43,"column":4},"end":{"line":45,"column":null}}]}},"s":{"0":0,"1":0,"2":0,"3":0,"4":0,"5":0,"6":0,"7":0,"8":0,"9":0,"10":0,"11":0,"12":0,"13":0,"14":0,"15":0,"16":0,"17":0,"18":0,"19":0,"20":0,"21":0,"22":0,"23":0,"24":0,"25":0,"26":0,"27":0,"28":0},"f":{"0":0,"1":0,"2":0,"3":0,"4":0,"5":0},"b":{"0":[0],"1":[0]}}
,"D:\\squants\\src\\lib\\arxiv.ts": {"path":"D:\\squants\\src\\lib\\arxiv.ts","statementMap":{"0":{"start":{"line":11,"column":16},"end":{"line":11,"column":30}},"1":{"start":{"line":29,"column":22},"end":{"line":29,"column":40}},"2":{"start":{"line":12,"column":18},"end":{"line":12,"column":null}},"3":{"start":{"line":14,"column":2},"end":{"line":16,"column":null}},"4":{"start":{"line":15,"column":4},"end":{"line":15,"column":null}},"5":{"start":{"line":18,"column":16},"end":{"line":18,"column":null}},"6":{"start":{"line":19,"column":2},"end":{"line":21,"column":null}},"7":{"start":{"line":20,"column":4},"end":{"line":20,"column":null}},"8":{"start":{"line":22,"column":2},"end":{"line":22,"column":null}},"9":{"start":{"line":30,"column":18},"end":{"line":30,"column":null}},"10":{"start":{"line":31,"column":14},"end":{"line":31,"column":89}},"11":{"start":{"line":33,"column":14},"end":{"line":38,"column":null}},"12":{"start":{"line":40,"column":2},"end":{"line":42,"column":null}},"13":{"start":{"line":41,"column":4},"end":{"line":41,"column":null}},"14":{"start":{"line":44,"column":14},"end":{"line":44,"column":null}},"15":{"start":{"line":46,"column":21},"end":{"line":46,"column":null}},"16":{"start":{"line":47,"column":23},"end":{"line":47,"column":null}},"17":{"start":{"line":48,"column":18},"end":{"line":48,"column":null}},"18":{"start":{"line":50,"column":2},"end":{"line":52,"column":null}},"19":{"start":{"line":51,"column":4},"end":{"line":51,"column":null}},"20":{"start":{"line":54,"column":16},"end":{"line":54,"column":null}},"21":{"start":{"line":55,"column":18},"end":{"line":55,"column":null}},"22":{"start":{"line":56,"column":18},"end":{"line":56,"column":null}},"23":{"start":{"line":57,"column":15},"end":{"line":57,"column":60}},"24":{"start":{"line":59,"column":2},"end":{"line":64,"column":null}}},"fnMap":{"0":{"name":"extractArxivId","decl":{"start":{"line":11,"column":16},"end":{"line":11,"column":30}},"loc":{"start":{"line":11,"column":44},"end":{"line":23,"column":null}}},"1":{"name":"fetchArxivMetadata","decl":{"start":{"line":29,"column":22},"end":{"line":29,"column":40}},"loc":{"start":{"line":29,"column":51},"end":{"line":65,"column":null}}}},"branchMap":{"0":{"loc":{"start":{"line":14,"column":2},"end":{"line":16,"column":null}},"type":"if","locations":[{"start":{"line":14,"column":2},"end":{"line":16,"column":null}}]},"1":{"loc":{"start":{"line":19,"column":2},"end":{"line":21,"column":null}},"type":"if","locations":[{"start":{"line":19,"column":2},"end":{"line":21,"column":null}}]},"2":{"loc":{"start":{"line":40,"column":2},"end":{"line":42,"column":null}},"type":"if","locations":[{"start":{"line":40,"column":2},"end":{"line":42,"column":null}}]},"3":{"loc":{"start":{"line":50,"column":2},"end":{"line":52,"column":null}},"type":"if","locations":[{"start":{"line":50,"column":2},"end":{"line":52,"column":null}}]},"4":{"loc":{"start":{"line":50,"column":6},"end":{"line":50,"column":48}},"type":"binary-expr","locations":[{"start":{"line":50,"column":6},"end":{"line":50,"column":21}},{"start":{"line":50,"column":21},"end":{"line":50,"column":38}},{"start":{"line":50,"column":38},"end":{"line":50,"column":48}}]},"5":{"loc":{"start":{"line":57,"column":15},"end":{"line":57,"column":60}},"type":"binary-expr","locations":[{"start":{"line":57,"column":15},"end":{"line":57,"column":26}},{"start":{"line":57,"column":26},"end":{"line":57,"column":60}}]}},"s":{"0":0,"1":0,"2":0,"3":0,"4":0,"5":0,"6":0,"7":0,"8":0,"9":0,"10":0,"11":0,"12":0,"13":0,"14":0,"15":0,"16":0,"17":0,"18":0,"19":0,"20":0,"21":0,"22":0,"23":0,"24":0},"f":{"0":0,"1":0},"b":{"0":[0],"1":[0],"2":[0],"3":[0],"4":[0,0,0],"5":[0,0]}}
,"D:\\squants\\src\\lib\\prisma.ts": {"path":"D:\\squants\\src\\lib\\prisma.ts","statementMap":{"0":{"start":{"line":7,"column":13},"end":{"line":7,"column":null}},"1":{"start":{"line":1,"column":29},"end":{"line":1,"column":null}},"2":{"start":{"line":3,"column":24},"end":{"line":3,"column":null}},"3":{"start":{"line":8,"column":2},"end":{"line":11,"column":null}},"4":{"start":{"line":13,"column":0},"end":{"line":15,"column":null}},"5":{"start":{"line":14,"column":2},"end":{"line":14,"column":null}}},"fnMap":{},"branchMap":{"0":{"loc":{"start":{"line":8,"column":2},"end":{"line":11,"column":null}},"type":"binary-expr","locations":[{"start":{"line":8,"column":2},"end":{"line":8,"column":24}},{"start":{"line":9,"column":2},"end":{"line":11,"column":null}}]},"1":{"loc":{"start":{"line":13,"column":0},"end":{"line":15,"column":null}},"type":"if","locations":[{"start":{"line":13,"column":0},"end":{"line":15,"column":null}}]}},"s":{"0":0,"1":0,"2":0,"3":0,"4":0,"5":0},"f":{},"b":{"0":[0,0],"1":[0]}}
,"D:\\squants\\src\\lib\\pwa-register.ts": {"path":"D:\\squants\\src\\lib\\pwa-register.ts","statementMap":{"0":{"start":{"line":1,"column":0},"end":{"line":14,"column":null}},"1":{"start":{"line":2,"column":2},"end":{"line":13,"column":null}},"2":{"start":{"line":3,"column":4},"end":{"line":12,"column":null}},"3":{"start":{"line":4,"column":6},"end":{"line":11,"column":null}},"4":{"start":{"line":7,"column":10},"end":{"line":7,"column":null}},"5":{"start":{"line":10,"column":10},"end":{"line":10,"column":null}}},"fnMap":{"0":{"name":"(anonymous_0)","decl":{"start":{"line":3,"column":36},"end":{"line":3,"column":null}},"loc":{"start":{"line":3,"column":36},"end":{"line":12,"column":null}}},"1":{"name":"(anonymous_1)","decl":{"start":{"line":6,"column":14},"end":{"line":6,"column":15}},"loc":{"start":{"line":6,"column":15},"end":{"line":8,"column":null}}},"2":{"name":"(anonymous_2)","decl":{"start":{"line":9,"column":15},"end":{"line":9,"column":16}},"loc":{"start":{"line":9,"column":16},"end":{"line":11,"column":null}}}},"branchMap":{"0":{"loc":{"start":{"line":1,"column":0},"end":{"line":14,"column":null}},"type":"if","locations":[{"start":{"line":1,"column":0},"end":{"line":14,"column":null}}]},"1":{"loc":{"start":{"line":2,"column":2},"end":{"line":13,"column":null}},"type":"if","locations":[{"start":{"line":2,"column":2},"end":{"line":13,"column":null}}]}},"s":{"0":0,"1":0,"2":0,"3":0,"4":0,"5":0},"f":{"0":0,"1":0,"2":0},"b":{"0":[0],"1":[0]}}
}
