TN:
SF:src\app\layout.tsx
FN:72,RootLayout
FNF:1
FNH:0
FNDA:0,RootLayout
DA:2,0
DA:3,0
DA:5,0
DA:16,0
DA:72,0
LF:5
LH:0
BRF:0
BRH:0
end_of_record
TN:
SF:src\app\manifest.ts
FN:3,manifest
FNF:1
FNH:0
FNDA:0,manifest
DA:3,0
DA:4,0
LF:2
LH:0
BRF:0
BRH:0
end_of_record
TN:
SF:src\app\page.tsx
FN:3,HomePage
FNF:1
FNH:1
FNDA:5,HomePage
DA:1,1
DA:3,5
LF:2
LH:2
BRF:0
BRH:0
end_of_record
TN:
SF:src\app\robots.ts
FN:3,robots
FNF:1
FNH:0
FNDA:0,robots
DA:3,0
DA:4,0
LF:2
LH:0
BRF:0
BRH:0
end_of_record
TN:
SF:src\app\about\page.tsx
FN:1,AboutPage
FNF:1
FNH:0
FNDA:0,AboutPage
DA:1,0
LF:1
LH:0
BRF:0
BRH:0
end_of_record
TN:
SF:src\app\api\arxiv\lookup\route.ts
FN:4,POST
FNF:1
FNH:0
FNDA:0,POST
DA:1,0
DA:2,0
DA:4,0
DA:5,0
DA:6,0
DA:7,0
DA:9,0
DA:10,0
DA:13,0
DA:14,0
DA:15,0
DA:21,0
DA:22,0
DA:23,0
DA:29,0
DA:36,0
DA:37,0
LF:17
LH:0
BRDA:7,0,0,0
BRDA:7,0,1,0
BRDA:9,1,0,0
BRDA:14,2,0,0
BRDA:22,3,0,0
BRF:5
BRH:0
end_of_record
TN:
SF:src\app\api\health\route.ts
FN:3,GET
FNF:1
FNH:0
FNDA:0,GET
DA:1,0
DA:3,0
DA:4,0
LF:3
LH:0
BRF:0
BRH:0
end_of_record
TN:
SF:src\app\api\papers\route.ts
FN:3,POST
FN:13,GET
FNF:2
FNH:0
FNDA:0,POST
FNDA:0,GET
DA:1,0
DA:3,0
DA:4,0
DA:13,0
DA:14,0
LF:5
LH:0
BRF:0
BRH:0
end_of_record
TN:
SF:src\app\api\papers\[id]\comments\route.ts
FN:7,POST
FNF:1
FNH:0
FNDA:0,POST
DA:1,0
DA:7,0
DA:8,0
LF:3
LH:0
BRF:0
BRH:0
end_of_record
TN:
SF:src\app\blog\page.tsx
FN:1,BlogPage
FNF:1
FNH:0
FNDA:0,BlogPage
DA:1,0
LF:1
LH:0
BRF:0
BRH:0
end_of_record
TN:
SF:src\app\community\page.tsx
FN:1,CommunityPage
FNF:1
FNH:0
FNDA:0,CommunityPage
DA:1,0
LF:1
LH:0
BRF:0
BRH:0
end_of_record
TN:
SF:src\app\learn\page.tsx
FN:1,LearnPage
FNF:1
FNH:0
FNDA:0,LearnPage
DA:1,0
LF:1
LH:0
BRF:0
BRH:0
end_of_record
TN:
SF:src\app\papers\page.tsx
FN:5,PapersPage
FN:49,(anonymous_5)
FNF:2
FNH:0
FNDA:0,PapersPage
FNDA:0,(anonymous_5)
DA:1,0
DA:3,0
DA:5,0
DA:7,0
DA:50,0
LF:5
LH:0
BRDA:40,0,0,0
BRDA:61,1,0,0
BRDA:61,1,1,0
BRDA:68,2,0,0
BRDA:75,3,0,0
BRDA:75,3,1,0
BRF:6
BRH:0
end_of_record
TN:
SF:src\app\papers\[id]\page.tsx
FN:42,PaperPage
FN:122,(anonymous_3)
FNF:2
FNH:0
FNDA:0,PaperPage
FNDA:0,(anonymous_3)
DA:1,0
DA:2,0
DA:3,0
DA:42,0
DA:43,0
DA:44,0
DA:45,0
DA:49,0
DA:50,0
DA:53,0
DA:123,0
LF:11
LH:0
BRDA:44,0,0,0
BRDA:49,1,0,0
BRDA:84,2,0,0
BRDA:92,3,0,0
BRDA:92,3,1,0
BRDA:114,4,0,0
BRDA:131,5,0,0
BRDA:150,6,0,0
BRDA:158,7,0,0
BRDA:172,8,0,0
BRF:10
BRH:0
end_of_record
TN:
SF:src\app\papers\[id]\paper-comments.tsx
FN:17,PaperComments
FN:24,handleSubmit
FN:56,(anonymous_3)
FN:79,(anonymous_4)
FN:106,(anonymous_5)
FN:113,(anonymous_6)
FNF:6
FNH:0
FNDA:0,PaperComments
FNDA:0,handleSubmit
FNDA:0,(anonymous_3)
FNDA:0,(anonymous_4)
FNDA:0,(anonymous_5)
FNDA:0,(anonymous_6)
DA:3,0
DA:17,0
DA:18,0
DA:19,0
DA:20,0
DA:21,0
DA:22,0
DA:25,0
DA:26,0
DA:28,0
DA:29,0
DA:30,0
DA:31,0
DA:33,0
DA:34,0
DA:35,0
DA:38,0
DA:39,0
DA:40,0
DA:51,0
DA:52,0
DA:55,0
DA:56,0
DA:57,0
DA:58,0
DA:60,0
DA:61,0
DA:63,0
DA:80,0
DA:106,0
DA:113,0
LF:31
LH:0
BRDA:29,0,0,0
BRDA:33,1,0,0
BRDA:46,2,0,0
BRDA:46,2,1,0
BRDA:51,3,0,0
BRDA:73,4,0,0
BRDA:86,5,0,0
BRDA:86,5,1,0
BRDA:116,6,0,0
BRDA:122,7,0,0
BRDA:122,7,1,0
BRF:11
BRH:0
end_of_record
TN:
SF:src\app\papers\submit\page.tsx
FN:10,SubmitPaperPage
FN:24,handleSubmit
FN:58,(anonymous_3)
FN:72,handleFetchFromArxiv
FN:90,(anonymous_5)
FN:134,(anonymous_6)
FN:160,(anonymous_7)
FN:166,(anonymous_8)
FN:173,(anonymous_9)
FN:188,(anonymous_10)
FN:194,(anonymous_11)
FN:200,(anonymous_12)
FN:206,(anonymous_13)
FN:213,(anonymous_14)
FNF:14
FNH:0
FNDA:0,SubmitPaperPage
FNDA:0,handleSubmit
FNDA:0,(anonymous_3)
FNDA:0,handleFetchFromArxiv
FNDA:0,(anonymous_5)
FNDA:0,(anonymous_6)
FNDA:0,(anonymous_7)
FNDA:0,(anonymous_8)
FNDA:0,(anonymous_9)
FNDA:0,(anonymous_10)
FNDA:0,(anonymous_11)
FNDA:0,(anonymous_12)
FNDA:0,(anonymous_13)
FNDA:0,(anonymous_14)
DA:3,0
DA:4,0
DA:10,0
DA:11,0
DA:12,0
DA:13,0
DA:14,0
DA:15,0
DA:16,0
DA:17,0
DA:18,0
DA:19,0
DA:20,0
DA:21,0
DA:22,0
DA:25,0
DA:26,0
DA:28,0
DA:29,0
DA:30,0
DA:32,0
DA:33,0
DA:34,0
DA:37,0
DA:38,0
DA:39,0
DA:57,0
DA:58,0
DA:59,0
DA:62,0
DA:63,0
DA:65,0
DA:66,0
DA:68,0
DA:73,0
DA:74,0
DA:75,0
DA:76,0
DA:79,0
DA:80,0
DA:81,0
DA:89,0
DA:90,0
DA:91,0
DA:94,0
DA:101,0
DA:102,0
DA:103,0
DA:105,0
DA:106,0
DA:108,0
DA:134,0
DA:160,0
DA:166,0
DA:173,0
DA:188,0
DA:194,0
DA:200,0
DA:206,0
DA:213,0
LF:60
LH:0
BRDA:28,0,0,0
BRDA:28,1,0,0
BRDA:28,1,1,0
BRDA:32,2,0,0
BRDA:32,3,0,0
BRDA:32,3,1,0
BRDA:45,4,0,0
BRDA:45,4,1,0
BRDA:48,5,0,0
BRDA:48,5,1,0
BRDA:49,6,0,0
BRDA:49,6,1,0
BRDA:52,7,0,0
BRDA:52,7,1,0
BRDA:53,8,0,0
BRDA:53,8,1,0
BRDA:57,9,0,0
BRDA:59,10,0,0
BRDA:59,10,1,0
BRDA:66,11,0,0
BRDA:66,11,1,0
BRDA:74,12,0,0
BRDA:89,13,0,0
BRDA:91,14,0,0
BRDA:91,14,1,0
BRDA:106,15,0,0
BRDA:106,15,1,0
BRDA:143,16,0,0
BRDA:143,16,1,0
BRDA:219,17,0,0
BRDA:226,18,0,0
BRDA:226,18,1,0
BRF:32
BRH:0
end_of_record
TN:
SF:src\components\CacheManager.tsx
FN:11,CacheManager
FN:18,(anonymous_2)
FN:23,(anonymous_3)
FN:38,(anonymous_4)
FNF:4
FNH:0
FNDA:0,CacheManager
FNDA:0,(anonymous_2)
FNDA:0,(anonymous_3)
FNDA:0,(anonymous_4)
DA:3,0
DA:11,0
DA:12,0
DA:18,0
DA:19,0
DA:21,0
DA:22,0
DA:23,0
DA:25,0
DA:31,0
DA:32,0
DA:34,0
DA:38,0
DA:39,0
DA:41,0
DA:42,0
DA:43,0
DA:45,0
DA:46,0
DA:47,0
DA:49,0
DA:50,0
DA:51,0
DA:52,0
DA:53,0
DA:58,0
DA:60,0
DA:66,0
LF:28
LH:0
BRDA:19,0,0,0
BRDA:39,1,0,0
BRDA:51,2,0,0
BRDA:79,3,0,0
BRDA:79,3,1,0
BRF:5
BRH:0
end_of_record
TN:
SF:src\components\Layout.tsx
FN:4,SiteLayout
FNF:1
FNH:0
FNDA:0,SiteLayout
DA:1,0
DA:4,0
LF:2
LH:0
BRF:0
BRH:0
end_of_record
TN:
SF:src\components\MobileNav.tsx
FN:20,MobileNav
FN:27,(anonymous_2)
FN:38,(anonymous_3)
FN:43,(anonymous_4)
FN:57,(anonymous_5)
FNF:5
FNH:0
FNDA:0,MobileNav
FNDA:0,(anonymous_2)
FNDA:0,(anonymous_3)
FNDA:0,(anonymous_4)
FNDA:0,(anonymous_5)
DA:3,0
DA:11,0
DA:20,0
DA:21,0
DA:27,0
DA:39,0
DA:43,0
DA:57,0
LF:8
LH:0
BRDA:31,0,0,0
BRDA:31,0,1,0
BRDA:35,1,0,0
BRDA:45,2,0,0
BRDA:54,3,0,0
BRF:5
BRH:0
end_of_record
TN:
SF:src\components\OnlineIndicator.tsx
FN:10,OnlineIndicator
FN:16,(anonymous_2)
FN:17,(anonymous_3)
FN:18,(anonymous_4)
FN:25,(anonymous_5)
FN:26,(anonymous_6)
FN:33,(anonymous_7)
FN:41,(anonymous_8)
FNF:8
FNH:0
FNDA:0,OnlineIndicator
FNDA:0,(anonymous_2)
FNDA:0,(anonymous_3)
FNDA:0,(anonymous_4)
FNDA:0,(anonymous_5)
FNDA:0,(anonymous_6)
FNDA:0,(anonymous_7)
FNDA:0,(anonymous_8)
DA:3,0
DA:10,0
DA:11,0
DA:16,0
DA:17,0
DA:18,0
DA:25,0
DA:26,0
DA:33,0
DA:38,0
DA:39,0
DA:41,0
DA:42,0
DA:43,0
DA:47,0
LF:15
LH:0
BRDA:47,0,0,0
BRDA:53,1,0,0
BRF:2
BRH:0
end_of_record
TN:
SF:src\components\PWAInstallPrompt.tsx
FN:6,PWAInstallPrompt
FNF:1
FNH:0
FNDA:0,PWAInstallPrompt
DA:4,0
DA:6,0
DA:7,0
DA:9,0
LF:4
LH:0
BRDA:9,0,0,0
BRF:1
BRH:0
end_of_record
TN:
SF:src\components\Responsive.tsx
FN:11,ResponsiveContainer
FN:44,ResponsiveGrid
FN:70,ResponsiveStack
FN:104,(anonymous_10)
FN:154,ResponsiveCard
FNF:5
FNH:0
FNDA:0,ResponsiveContainer
FNDA:0,ResponsiveGrid
FNDA:0,ResponsiveStack
FNDA:0,(anonymous_10)
FNDA:0,ResponsiveCard
DA:3,0
DA:11,0
DA:16,0
DA:44,0
DA:49,0
DA:70,0
DA:75,0
DA:82,0
DA:100,0
DA:115,0
DA:121,0
DA:146,0
DA:154,0
LF:13
LH:0
BRDA:13,0,0,0
BRDA:14,1,0,0
BRDA:26,2,0,0
BRDA:26,2,1,0
BRDA:46,3,0,0
BRDA:47,4,0,0
BRDA:72,5,0,0
BRDA:73,6,0,0
BRDA:82,7,0,0
BRDA:82,7,1,0
BRDA:106,8,0,0
BRDA:107,9,0,0
BRDA:108,10,0,0
BRDA:135,11,0,0
BRDA:135,11,1,0
BRDA:136,12,0,0
BRDA:136,12,1,0
BRDA:156,13,0,0
BRDA:157,14,0,0
BRDA:163,15,0,0
BRDA:163,15,1,0
BRDA:164,16,0,0
BRDA:164,16,1,0
BRF:23
BRH:0
end_of_record
TN:
SF:src\hooks\useDeviceDetection.ts
FN:12,useDeviceDetection
FN:20,(anonymous_2)
FNF:2
FNH:0
FNDA:0,useDeviceDetection
FNDA:0,(anonymous_2)
DA:3,0
DA:12,0
DA:13,0
DA:20,0
DA:21,0
DA:25,0
DA:30,0
DA:34,0
DA:37,0
DA:39,0
DA:47,0
LF:11
LH:0
BRDA:25,0,0,0
BRDA:25,0,1,0
BRDA:34,1,0,0
BRDA:34,1,1,0
BRDA:34,1,2,0
BRDA:37,2,0,0
BRDA:37,2,1,0
BRDA:37,3,0,0
BRDA:37,3,1,0
BRDA:37,4,0,0
BRDA:37,4,1,0
BRF:11
BRH:0
end_of_record
TN:
SF:src\hooks\useInstallPrompt.ts
FN:10,useInstallPrompt
FN:14,(anonymous_2)
FN:15,(anonymous_3)
FN:22,(anonymous_4)
FN:31,(anonymous_5)
FN:37,(anonymous_6)
FNF:6
FNH:0
FNDA:0,useInstallPrompt
FNDA:0,(anonymous_2)
FNDA:0,(anonymous_3)
FNDA:0,(anonymous_4)
FNDA:0,(anonymous_5)
FNDA:0,(anonymous_6)
DA:3,0
DA:10,0
DA:11,0
DA:12,0
DA:14,0
DA:15,0
DA:16,0
DA:17,0
DA:18,0
DA:19,0
DA:22,0
DA:23,0
DA:24,0
DA:25,0
DA:28,0
DA:29,0
DA:31,0
DA:32,0
DA:33,0
DA:37,0
DA:38,0
DA:40,0
DA:41,0
DA:43,0
DA:44,0
DA:47,0
DA:48,0
DA:51,0
LF:28
LH:0
BRDA:38,0,0,0
BRDA:43,1,0,0
BRF:2
BRH:0
end_of_record
TN:
SF:src\lib\arxiv.ts
FN:11,extractArxivId
FN:29,fetchArxivMetadata
FNF:2
FNH:0
FNDA:0,extractArxivId
FNDA:0,fetchArxivMetadata
DA:11,0
DA:12,0
DA:14,0
DA:15,0
DA:18,0
DA:19,0
DA:20,0
DA:22,0
DA:29,0
DA:30,0
DA:31,0
DA:33,0
DA:40,0
DA:41,0
DA:44,0
DA:46,0
DA:47,0
DA:48,0
DA:50,0
DA:51,0
DA:54,0
DA:55,0
DA:56,0
DA:57,0
DA:59,0
LF:25
LH:0
BRDA:14,0,0,0
BRDA:19,1,0,0
BRDA:40,2,0,0
BRDA:50,3,0,0
BRDA:50,4,0,0
BRDA:50,4,1,0
BRDA:50,4,2,0
BRDA:57,5,0,0
BRDA:57,5,1,0
BRF:9
BRH:0
end_of_record
TN:
SF:src\lib\prisma.ts
FNF:0
FNH:0
DA:1,0
DA:3,0
DA:7,0
DA:8,0
DA:13,0
DA:14,0
LF:6
LH:0
BRDA:8,0,0,0
BRDA:8,0,1,0
BRDA:13,1,0,0
BRF:3
BRH:0
end_of_record
TN:
SF:src\lib\pwa-register.ts
FN:3,(anonymous_0)
FN:6,(anonymous_1)
FN:9,(anonymous_2)
FNF:3
FNH:0
FNDA:0,(anonymous_0)
FNDA:0,(anonymous_1)
FNDA:0,(anonymous_2)
DA:1,0
DA:2,0
DA:3,0
DA:4,0
DA:7,0
DA:10,0
LF:6
LH:0
BRDA:1,0,0,0
BRDA:2,1,0,0
BRF:2
BRH:0
end_of_record
